<?xml version="1.0" encoding="UTF-8"?>
<!-- Generated by org.testng.reporters.JUnitXMLReporter -->
<testsuite hostname="admins-MacBook-Pro.local" name="ExpediaSearchPage" tests="3" failures="0" timestamp="19 Jul 2016 11:35:35 GMT" time="114.011" errors="0">
  <testcase name="testCase1" time="11.445" classname="com.expedia.tests.HomePageTest1"/>
  <testcase name="testCase1" time="16.829" classname="com.expedia.tests.HomePageTest1"/>
  <testcase name="testCase2" time="8.217" classname="com.expedia.tests.HomePageTest1"/>
</testsuite> <!-- ExpediaSearchPage -->
