<?xml version="1.0" encoding="UTF-8"?>
<testng-results skipped="0" failed="0" total="1" passed="1">
  <reporter-output>
  </reporter-output>
  <suite name="RegressionSuite" duration-ms="55084" started-at="2016-07-19T11:39:10Z" finished-at="2016-07-19T11:40:05Z">
    <groups>
    </groups>
    <test name="RegressionTest" duration-ms="55084" started-at="2016-07-19T11:39:10Z" finished-at="2016-07-19T11:40:05Z">
      <class name="com.expedia.tests.FlightPageAdults">
        <test-method status="PASS" signature="setDriver()[pri:0, instance:com.expedia.tests.FlightPageAdults@60addb54]" name="setDriver" is-config="true" duration-ms="31159" started-at="2016-07-19T14:39:10Z" finished-at="2016-07-19T14:39:41Z">
          <reporter-output>
          </reporter-output>
        </test-method> <!-- setDriver -->
        <test-method status="PASS" signature="setUp()[pri:0, instance:com.expedia.tests.FlightPageAdults@60addb54]" name="setUp" is-config="true" duration-ms="11411" started-at="2016-07-19T14:39:41Z" finished-at="2016-07-19T14:39:52Z">
          <reporter-output>
          </reporter-output>
        </test-method> <!-- setUp -->
        <test-method status="PASS" signature="testName()[pri:0, instance:com.expedia.tests.FlightPageAdults@60addb54]" name="testName" duration-ms="9002" started-at="2016-07-19T14:39:52Z" finished-at="2016-07-19T14:40:01Z">
          <reporter-output>
          </reporter-output>
        </test-method> <!-- testName -->
        <test-method status="PASS" signature="tearDown(org.testng.ITestResult)[pri:0, instance:com.expedia.tests.FlightPageAdults@60addb54]" name="tearDown" is-config="true" duration-ms="506" started-at="2016-07-19T14:40:01Z" finished-at="2016-07-19T14:40:02Z">
          <params>
            <param index="0">
              <value>
                <![CDATA[[TestResult name=testName status=SUCCESS method=FlightPageAdults.testName()[pri:0, instance:com.expedia.tests.FlightPageAdults@60addb54] output={null}]]]>
              </value>
            </param>
          </params>
          <reporter-output>
          </reporter-output>
        </test-method> <!-- tearDown -->
        <test-method status="PASS" signature="close()[pri:0, instance:com.expedia.tests.FlightPageAdults@60addb54]" name="close" is-config="true" duration-ms="2994" started-at="2016-07-19T14:40:02Z" finished-at="2016-07-19T14:40:05Z">
          <reporter-output>
          </reporter-output>
        </test-method> <!-- close -->
      </class> <!-- com.expedia.tests.FlightPageAdults -->
    </test> <!-- RegressionTest -->
  </suite> <!-- RegressionSuite -->
</testng-results>
